<?xml version="1.0" encoding="UTF-8" ?>
<testsuites errors="0"
            failures="1"
            tests="2">

  <testsuite name="basic"
    errors="0" failures="1" hostname="" id="" package="basic" skipped="0"
    tests="2" time="2.193" timestamp="">
  
    <testcase name="basic" classname="basic" time="1.054" assertions="1">  <failure message="Timed out while waiting for element &lt;#app&gt; to be present for 1000 milliseconds. - expected [0;32m&#34;visible&#34;[0m but got: [0;31m&#34;not found&#34;[0m">    at Object.basic (/Users/posva/vue-router-next/e2e/specs/basic.js:11:8)
    at process._tickCallback (internal/process/next_tick.js:68:7)</failure>
<system-out>[[ATTACHMENT|/Users/posva/vue-router-next/e2e/screenshots/basic/basic_FAILED_Oct-15-2019-185131-GMT+0200-(Central-European-Summer.png]]</system-out>
    <failure message="    at Object.basic (/Users/posva/vue-router-next/e2e/specs/basic.js:11:8)">    at process._tickCallback (internal/process/next_tick.js:68:7)</failure>
    </testcase>
  

  

  
  </testsuite>
</testsuites>
